# JRE version: OpenJDK Runtime Environment Corretto-17.0.12.7.1 (17.0.12+7) (build 17.0.12+7-LTS)
# Java VM: OpenJDK 64-Bit Server VM Corretto-17.0.12.7.1 (17.0.12+7-LTS, mixed mode, emulated-client, sharing, tiered, compressed oops, compressed class ptrs, g1 gc, windows-amd64)
GC Precious Log:
 CPUs: 8 total, 8 available
 Memory: 6020M
 Large Page Support: Disabled
 NUMA Support: Disabled
 Compressed Oops: Enabled (32-bit)
 Heap Region Size: 1M
 Heap Min Capacity: 8M
 Heap Initial Capacity: 96M
 Heap Max Capacity: 1506M
 Pre-touch: Disabled
 Parallel Workers: 8
 Concurrent Workers: 2
 Concurrent Refinement Workers: 8
 Periodic GC: Disabled
Heap:
 garbage-first heap   total 98304K, used 25498K [0x00000000a1e00000, 0x0000000100000000)
  region size 1024K, 18 young (18432K), 5 survivors (5120K)
 Metaspace       used 20867K, committed 21184K, reserved 1114112K
  class space    used 2842K, committed 3008K, reserved 1048576K
GC Heap History (6 events):
Event: 2.330 GC heap before
{Heap before GC invocations=0 (full 0):
 garbage-first heap   total 98304K, used 23552K [0x00000000a1e00000, 0x0000000100000000)
  region size 1024K, 23 young (23552K), 0 survivors (0K)
 Metaspace       used 7556K, committed 7744K, reserved 1114112K
  class space    used 951K, committed 1088K, reserved 1048576K
}
Event: 2.341 GC heap after
{Heap after GC invocations=1 (full 0):
 garbage-first heap   total 98304K, used 7980K [0x00000000a1e00000, 0x0000000100000000)
  region size 1024K, 3 young (3072K), 3 survivors (3072K)
 Metaspace       used 7556K, committed 7744K, reserved 1114112K
  class space    used 951K, committed 1088K, reserved 1048576K
}
Event: 3.402 GC heap before
{Heap before GC invocations=1 (full 0):
 garbage-first heap   total 98304K, used 30508K [0x00000000a1e00000, 0x0000000100000000)
  region size 1024K, 26 young (26624K), 3 survivors (3072K)
 Metaspace       used 13077K, committed 13376K, reserved 1114112K
  class space    used 1781K, committed 1920K, reserved 1048576K
}
Event: 3.409 GC heap after
{Heap after GC invocations=2 (full 0):
 garbage-first heap   total 98304K, used 10256K [0x00000000a1e00000, 0x0000000100000000)
  region size 1024K, 2 young (2048K), 2 survivors (2048K)
 Metaspace       used 13077K, committed 13376K, reserved 1114112K
  class space    used 1781K, committed 1920K, reserved 1048576K
}
Event: 4.527 GC heap before
{Heap before GC invocations=2 (full 0):
 garbage-first heap   total 98304K, used 47120K [0x00000000a1e00000, 0x0000000100000000)
  region size 1024K, 39 young (39936K), 2 survivors (2048K)
 Metaspace       used 19884K, committed 20224K, reserved 1114112K
  class space    used 2696K, committed 2880K, reserved 1048576K
}
Event: 4.536 GC heap after
{Heap after GC invocations=3 (full 0):
 garbage-first heap   total 98304K, used 13210K [0x00000000a1e00000, 0x0000000100000000)
  region size 1024K, 5 young (5120K), 5 survivors (5120K)
 Metaspace       used 19884K, committed 20224K, reserved 1114112K
  class space    used 2696K, committed 2880K, reserved 1048576K
}

